<?xml version="1.0" encoding="UTF-8"?>
<testng-results ignored="0" total="1" passed="1" failed="0" skipped="0">
  <reporter-output>
  </reporter-output>
  <suite started-at="2021-02-12T20:39:08 GMT" name="Default suite" finished-at="2021-02-12T20:40:48 GMT" duration-ms="99801">
    <groups>
    </groups>
    <test started-at="2021-02-12T20:39:08 GMT" name="Default test" finished-at="2021-02-12T20:40:48 GMT" duration-ms="99801">
      <class name="techfynder.M1">
        <test-method is-config="true" signature="beforeMethod()[pri:0, instance:techfynder.M1@ffaa6af]" started-at="2021-02-12T20:39:08 GMT" name="beforeMethod" finished-at="2021-02-12T20:39:13 GMT" duration-ms="4513" status="PASS">
          <reporter-output>
          </reporter-output>
        </test-method> <!-- beforeMethod -->
        <test-method signature="generalInformationTest()[pri:0, instance:techfynder.M1@ffaa6af]" started-at="2021-02-12T20:39:13 GMT" name="generalInformationTest" finished-at="2021-02-12T20:40:48 GMT" duration-ms="94936" status="PASS">
          <reporter-output>
          </reporter-output>
        </test-method> <!-- generalInformationTest -->
        <test-method is-config="true" signature="afterMethod()[pri:0, instance:techfynder.M1@ffaa6af]" started-at="2021-02-12T20:40:48 GMT" name="afterMethod" finished-at="2021-02-12T20:40:48 GMT" duration-ms="286" status="PASS">
          <reporter-output>
          </reporter-output>
        </test-method> <!-- afterMethod -->
      </class> <!-- techfynder.M1 -->
    </test> <!-- Default test -->
  </suite> <!-- Default suite -->
</testng-results>
